<?xml version="1.0" encoding="UTF-8"?>
<testng-results skipped="0" failed="0" ignored="0" total="1" passed="1">
  <reporter-output>
  </reporter-output>
  <suite name="Default suite" duration-ms="24867" started-at="2019-03-11T14:33:36Z" finished-at="2019-03-11T14:34:01Z">
    <groups>
    </groups>
    <test name="Default test" duration-ms="24867" started-at="2019-03-11T14:33:36Z" finished-at="2019-03-11T14:34:01Z">
      <class name="com.training.sanity.tests.RETC009">
        <test-method status="PASS" signature="setUpBeforeClass()[pri:0, instance:com.training.sanity.tests.RETC009@3bfdc050]" name="setUpBeforeClass" is-config="true" duration-ms="15" started-at="2019-03-11T14:33:36Z" finished-at="2019-03-11T14:33:36Z">
          <reporter-output>
          </reporter-output>
        </test-method> <!-- setUpBeforeClass -->
        <test-method status="PASS" signature="setUp()[pri:0, instance:com.training.sanity.tests.RETC009@3bfdc050]" name="setUp" is-config="true" duration-ms="18993" started-at="2019-03-11T14:33:36Z" finished-at="2019-03-11T14:33:55Z">
          <reporter-output>
          </reporter-output>
        </test-method> <!-- setUp -->
        <test-method status="PASS" signature="ApartmentSearchTest()[pri:0, instance:com.training.sanity.tests.RETC009@3bfdc050]" name="ApartmentSearchTest" duration-ms="4115" started-at="2019-03-11T14:33:55Z" finished-at="2019-03-11T14:33:59Z">
          <reporter-output>
          </reporter-output>
        </test-method> <!-- ApartmentSearchTest -->
        <test-method status="PASS" signature="tearDown()[pri:0, instance:com.training.sanity.tests.RETC009@3bfdc050]" name="tearDown" is-config="true" duration-ms="1726" started-at="2019-03-11T14:33:59Z" finished-at="2019-03-11T14:34:01Z">
          <reporter-output>
          </reporter-output>
        </test-method> <!-- tearDown -->
      </class> <!-- com.training.sanity.tests.RETC009 -->
    </test> <!-- Default test -->
  </suite> <!-- Default suite -->
</testng-results>
